477
147.29427083
120.25000000
66.00000000
146.92447917
146.21875000
144.21875000
146.80208333
13.00000000
122.25000000
147.03125000
135.43750000
139.71875000
146.73697917
146.32291667
140.09375000
140.03125000
136.56250000
145.44791667
36.00000000
146.26041667
146.54166667
147.38020833
140.53125000
140.21875000
142.46875000
122.50000000
143.40625000
128.00000000
145.28125000
146.78645833
146.96875000
134.50000000
142.84375000
147.19791667
138.50000000
147.29947917
146.92708333
146.86979167
143.18750000
146.61458333
146.22916667
139.78125000
145.21875000
126.37500000
146.62760417
114.50000000
145.52083333
146.57812500
146.70312500
146.80208333
146.94270833
146.73958333
146.72395833
135.93750000
147.29947917
147.29947917
145.23958333
141.40625000
147.26041667
147.40625000
145.86458333
135.31250000
142.28125000
126.50000000
145.10416667
146.64583333
66.00000000
147.14583333
140.03125000
147.28385417
143.68750000
137.18750000
146.84635417
147.05208333
128.50000000
138.06250000
126.37500000
147.11718750
142.68750000
131.87500000
126.00000000
71.00000000
147.32552083
147.44270833
146.03125000
146.90625000
135.12500000
145.44791667
145.16666667
146.65364583
136.43750000
143.90625000
147.11718750
146.00000000
144.62500000
69.00000000
146.92968750
139.00000000
147.09375000
146.98958333
